# JRE version: Java(TM) SE Runtime Environment (8.0_144-b01) (build 1.8.0_144-b01)
# Java VM: Java HotSpot(TM) 64-Bit Server VM (25.144-b01 mixed mode bsd-amd64 compressed oops)
Heap:
 PSYoungGen      total 272896K, used 41104K [0x000000076ab00000, 0x000000077c000000, 0x00000007c0000000)
  eden space 262144K, 15% used [0x000000076ab00000,0x000000076d324320,0x000000077ab00000)
  from space 10752K, 0% used [0x000000077b580000,0x000000077b580000,0x000000077c000000)
  to   space 10752K, 0% used [0x000000077ab00000,0x000000077ab00000,0x000000077b580000)
 ParOldGen       total 177152K, used 59171K [0x00000006c0000000, 0x00000006cad00000, 0x000000076ab00000)
  object space 177152K, 33% used [0x00000006c0000000,0x00000006c39c8fa0,0x00000006cad00000)
 Metaspace       used 21022K, capacity 21288K, committed 21552K, reserved 1069056K
  class space    used 2304K, capacity 2430K, committed 2432K, reserved 1048576K
GC Heap History (10 events):
Event: 0.956 GC heap before
{Heap before GC invocations=1 (full 0):
 PSYoungGen      total 76288K, used 65536K [0x000000076ab00000, 0x0000000770000000, 0x00000007c0000000)
  eden space 65536K, 100% used [0x000000076ab00000,0x000000076eb00000,0x000000076eb00000)
  from space 10752K, 0% used [0x000000076f580000,0x000000076f580000,0x0000000770000000)
  to   space 10752K, 0% used [0x000000076eb00000,0x000000076eb00000,0x000000076f580000)
 ParOldGen       total 175104K, used 0K [0x00000006c0000000, 0x00000006cab00000, 0x000000076ab00000)
  object space 175104K, 0% used [0x00000006c0000000,0x00000006c0000000,0x00000006cab00000)
 Metaspace       used 11331K, capacity 11416K, committed 11520K, reserved 1058816K
  class space    used 1222K, capacity 1266K, committed 1280K, reserved 1048576K
Event: 0.991 GC heap after
Heap after GC invocations=1 (full 0):
 PSYoungGen      total 76288K, used 7696K [0x000000076ab00000, 0x0000000774000000, 0x00000007c0000000)
  eden space 65536K, 0% used [0x000000076ab00000,0x000000076ab00000,0x000000076eb00000)
  from space 10752K, 71% used [0x000000076eb00000,0x000000076f284348,0x000000076f580000)
  to   space 10752K, 0% used [0x0000000773580000,0x0000000773580000,0x0000000774000000)
 ParOldGen       total 175104K, used 80K [0x00000006c0000000, 0x00000006cab00000, 0x000000076ab00000)
  object space 175104K, 0% used [0x00000006c0000000,0x00000006c0014010,0x00000006cab00000)
 Metaspace       used 11331K, capacity 11416K, committed 11520K, reserved 1058816K
  class space    used 1222K, capacity 1266K, committed 1280K, reserved 1048576K
}
Event: 1.658 GC heap before
{Heap before GC invocations=2 (full 0):
 PSYoungGen      total 76288K, used 73232K [0x000000076ab00000, 0x0000000774000000, 0x00000007c0000000)
  eden space 65536K, 100% used [0x000000076ab00000,0x000000076eb00000,0x000000076eb00000)
  from space 10752K, 71% used [0x000000076eb00000,0x000000076f284348,0x000000076f580000)
  to   space 10752K, 0% used [0x0000000773580000,0x0000000773580000,0x0000000774000000)
 ParOldGen       total 175104K, used 80K [0x00000006c0000000, 0x00000006cab00000, 0x000000076ab00000)
  object space 175104K, 0% used [0x00000006c0000000,0x00000006c0014010,0x00000006cab00000)
 Metaspace       used 18266K, capacity 18536K, committed 18816K, reserved 1067008K
  class space    used 2014K, capacity 2134K, committed 2176K, reserved 1048576K
Event: 1.673 GC heap after
Heap after GC invocations=2 (full 0):
 PSYoungGen      total 141824K, used 10734K [0x000000076ab00000, 0x0000000774000000, 0x00000007c0000000)
  eden space 131072K, 0% used [0x000000076ab00000,0x000000076ab00000,0x0000000772b00000)
  from space 10752K, 99% used [0x0000000773580000,0x0000000773ffb9f0,0x0000000774000000)
  to   space 10752K, 0% used [0x0000000772b00000,0x0000000772b00000,0x0000000773580000)
 ParOldGen       total 175104K, used 6888K [0x00000006c0000000, 0x00000006cab00000, 0x000000076ab00000)
  object space 175104K, 3% used [0x00000006c0000000,0x00000006c06ba1e0,0x00000006cab00000)
 Metaspace       used 18266K, capacity 18536K, committed 18816K, reserved 1067008K
  class space    used 2014K, capacity 2134K, committed 2176K, reserved 1048576K
}
Event: 7.046 GC heap before
{Heap before GC invocations=3 (full 0):
 PSYoungGen      total 141824K, used 141806K [0x000000076ab00000, 0x0000000774000000, 0x00000007c0000000)
  eden space 131072K, 100% used [0x000000076ab00000,0x0000000772b00000,0x0000000772b00000)
  from space 10752K, 99% used [0x0000000773580000,0x0000000773ffb9f0,0x0000000774000000)
  to   space 10752K, 0% used [0x0000000772b00000,0x0000000772b00000,0x0000000773580000)
 ParOldGen       total 175104K, used 6888K [0x00000006c0000000, 0x00000006cab00000, 0x000000076ab00000)
  object space 175104K, 3% used [0x00000006c0000000,0x00000006c06ba1e0,0x00000006cab00000)
 Metaspace       used 20886K, capacity 21122K, committed 21296K, reserved 1069056K
  class space    used 2299K, capacity 2397K, committed 2432K, reserved 1048576K
Event: 7.090 GC heap after
Heap after GC invocations=3 (full 0):
 PSYoungGen      total 141824K, used 10726K [0x000000076ab00000, 0x000000077c000000, 0x00000007c0000000)
  eden space 131072K, 0% used [0x000000076ab00000,0x000000076ab00000,0x0000000772b00000)
  from space 10752K, 99% used [0x0000000772b00000,0x0000000773579bc0,0x0000000773580000)
  to   space 10752K, 0% used [0x000000077b580000,0x000000077b580000,0x000000077c000000)
 ParOldGen       total 175104K, used 45935K [0x00000006c0000000, 0x00000006cab00000, 0x000000076ab00000)
  object space 175104K, 26% used [0x00000006c0000000,0x00000006c2cdbfd0,0x00000006cab00000)
 Metaspace       used 20886K, capacity 21122K, committed 21296K, reserved 1069056K
  class space    used 2299K, capacity 2397K, committed 2432K, reserved 1048576K
}
Event: 7.103 GC heap before
{Heap before GC invocations=4 (full 0):
 PSYoungGen      total 141824K, used 21665K [0x000000076ab00000, 0x000000077c000000, 0x00000007c0000000)
  eden space 131072K, 8% used [0x000000076ab00000,0x000000076b5aeb40,0x0000000772b00000)
  from space 10752K, 99% used [0x0000000772b00000,0x0000000773579bc0,0x0000000773580000)
  to   space 10752K, 0% used [0x000000077b580000,0x000000077b580000,0x000000077c000000)
 ParOldGen       total 175104K, used 45935K [0x00000006c0000000, 0x00000006cab00000, 0x000000076ab00000)
  object space 175104K, 26% used [0x00000006c0000000,0x00000006c2cdbfd0,0x00000006cab00000)
 Metaspace       used 20904K, capacity 21122K, committed 21296K, reserved 1069056K
  class space    used 2299K, capacity 2397K, committed 2432K, reserved 1048576K
Event: 7.120 GC heap after
Heap after GC invocations=4 (full 0):
 PSYoungGen      total 272896K, used 10749K [0x000000076ab00000, 0x000000077c000000, 0x00000007c0000000)
  eden space 262144K, 0% used [0x000000076ab00000,0x000000076ab00000,0x000000077ab00000)
  from space 10752K, 99% used [0x000000077b580000,0x000000077bfff660,0x000000077c000000)
  to   space 10752K, 0% used [0x000000077ab00000,0x000000077ab00000,0x000000077b580000)
 ParOldGen       total 175104K, used 51837K [0x00000006c0000000, 0x00000006cab00000, 0x000000076ab00000)
  object space 175104K, 29% used [0x00000006c0000000,0x00000006c329f4f0,0x00000006cab00000)
 Metaspace       used 20904K, capacity 21122K, committed 21296K, reserved 1069056K
  class space    used 2299K, capacity 2397K, committed 2432K, reserved 1048576K
}
Event: 7.120 GC heap before
{Heap before GC invocations=5 (full 1):
 PSYoungGen      total 272896K, used 10749K [0x000000076ab00000, 0x000000077c000000, 0x00000007c0000000)
  eden space 262144K, 0% used [0x000000076ab00000,0x000000076ab00000,0x000000077ab00000)
  from space 10752K, 99% used [0x000000077b580000,0x000000077bfff660,0x000000077c000000)
  to   space 10752K, 0% used [0x000000077ab00000,0x000000077ab00000,0x000000077b580000)
 ParOldGen       total 175104K, used 51837K [0x00000006c0000000, 0x00000006cab00000, 0x000000076ab00000)
  object space 175104K, 29% used [0x00000006c0000000,0x00000006c329f4f0,0x00000006cab00000)
 Metaspace       used 20904K, capacity 21122K, committed 21296K, reserved 1069056K
  class space    used 2299K, capacity 2397K, committed 2432K, reserved 1048576K
Event: 7.423 GC heap after
Heap after GC invocations=5 (full 1):
 PSYoungGen      total 272896K, used 0K [0x000000076ab00000, 0x000000077c000000, 0x00000007c0000000)
  eden space 262144K, 0% used [0x000000076ab00000,0x000000076ab00000,0x000000077ab00000)
  from space 10752K, 0% used [0x000000077b580000,0x000000077b580000,0x000000077c000000)
  to   space 10752K, 0% used [0x000000077ab00000,0x000000077ab00000,0x000000077b580000)
 ParOldGen       total 177152K, used 59171K [0x00000006c0000000, 0x00000006cad00000, 0x000000076ab00000)
  object space 177152K, 33% used [0x00000006c0000000,0x00000006c39c8fa0,0x00000006cad00000)
 Metaspace       used 20904K, capacity 21122K, committed 21296K, reserved 1069056K
  class space    used 2299K, capacity 2397K, committed 2432K, reserved 1048576K
}

